This is pdfTeX, Version 3.14159265-2.6-1.40.17 (TeX Live 2016) (preloaded format=pdflatex 2016.5.22)  17 FEB 2017 11:03
entering extended mode
 restricted \write18 enabled.
 file:line:error style messages enabled.
 %&-line parsing enabled.
**ps3.tex
(./ps3.tex
LaTeX2e <2016/03/31>
Babel <3.9r> and hyphenation patterns for 83 language(s) loaded.
(/usr/local/texlive/2016/texmf-dist/tex/latex/amscls/amsart.cls
Document Class: amsart 2015/03/04 v2.20.2
\linespacing=\dimen102
\normalparindent=\dimen103
\normaltopskip=\skip41
(/usr/local/texlive/2016/texmf-dist/tex/latex/amsmath/amsmath.sty
Package: amsmath 2016/03/10 v2.15b AMS math features
\@mathmargin=\skip42

For additional information on amsmath, use the `?' option.
(/usr/local/texlive/2016/texmf-dist/tex/latex/amsmath/amstext.sty
Package: amstext 2000/06/29 v2.01 AMS text

(/usr/local/texlive/2016/texmf-dist/tex/latex/amsmath/amsgen.sty
File: amsgen.sty 1999/11/30 v2.0 generic functions
\@emptytoks=\toks14
\ex@=\dimen104
))
(/usr/local/texlive/2016/texmf-dist/tex/latex/amsmath/amsbsy.sty
Package: amsbsy 1999/11/29 v1.2d Bold Symbols
\pmbraise@=\dimen105
)
(/usr/local/texlive/2016/texmf-dist/tex/latex/amsmath/amsopn.sty
Package: amsopn 2016/03/08 v2.02 operator names
)
\inf@bad=\count79
LaTeX Info: Redefining \frac on input line 199.
\uproot@=\count80
\leftroot@=\count81
LaTeX Info: Redefining \overline on input line 297.
\classnum@=\count82
\DOTSCASE@=\count83
LaTeX Info: Redefining \ldots on input line 394.
LaTeX Info: Redefining \dots on input line 397.
LaTeX Info: Redefining \cdots on input line 518.
\Mathstrutbox@=\box26
\strutbox@=\box27
\big@size=\dimen106
LaTeX Font Info:    Redeclaring font encoding OML on input line 634.
LaTeX Font Info:    Redeclaring font encoding OMS on input line 635.
\macc@depth=\count84
\c@MaxMatrixCols=\count85
\dotsspace@=\muskip10
\c@parentequation=\count86
\dspbrk@lvl=\count87
\tag@help=\toks15
\row@=\count88
\column@=\count89
\maxfields@=\count90
\andhelp@=\toks16
\eqnshift@=\dimen107
\alignsep@=\dimen108
\tagshift@=\dimen109
\tagwidth@=\dimen110
\totwidth@=\dimen111
\lineht@=\dimen112
\@envbody=\toks17
\multlinegap=\skip43
\multlinetaggap=\skip44
\mathdisplay@stack=\toks18
LaTeX Info: Redefining \[ on input line 2739.
LaTeX Info: Redefining \] on input line 2740.
)
LaTeX Font Info:    Try loading font information for U+msa on input line 388.

(/usr/local/texlive/2016/texmf-dist/tex/latex/amsfonts/umsa.fd
File: umsa.fd 2013/01/14 v3.01 AMS symbols A
)
(/usr/local/texlive/2016/texmf-dist/tex/latex/amsfonts/amsfonts.sty
Package: amsfonts 2013/01/14 v3.01 Basic AMSFonts support
\symAMSa=\mathgroup4
\symAMSb=\mathgroup5
LaTeX Font Info:    Overwriting math alphabet `\mathfrak' in version `bold'
(Font)                  U/euf/m/n --> U/euf/b/n on input line 106.
)
\copyins=\insert199
\abstractbox=\box28
\listisep=\skip45
\c@part=\count91
\c@section=\count92
\c@subsection=\count93
\c@subsubsection=\count94
\c@paragraph=\count95
\c@subparagraph=\count96
\c@figure=\count97
\c@table=\count98
\abovecaptionskip=\skip46
\belowcaptionskip=\skip47
\captionindent=\dimen113
\thm@style=\toks19
\thm@bodyfont=\toks20
\thm@headfont=\toks21
\thm@notefont=\toks22
\thm@headpunct=\toks23
\thm@preskip=\skip48
\thm@postskip=\skip49
\thm@headsep=\skip50
\dth@everypar=\toks24
)
(/usr/local/texlive/2016/texmf-dist/tex/latex/amsfonts/amssymb.sty
Package: amssymb 2013/01/14 v3.01 AMS font symbols
)
(/usr/local/texlive/2016/texmf-dist/tex/latex/graphics/graphicx.sty
Package: graphicx 2014/10/28 v1.0g Enhanced LaTeX Graphics (DPC,SPQR)

(/usr/local/texlive/2016/texmf-dist/tex/latex/graphics/keyval.sty
Package: keyval 2014/10/28 v1.15 key=value parser (DPC)
\KV@toks@=\toks25
)
(/usr/local/texlive/2016/texmf-dist/tex/latex/graphics/graphics.sty
Package: graphics 2016/05/09 v1.0r Standard LaTeX Graphics (DPC,SPQR)

(/usr/local/texlive/2016/texmf-dist/tex/latex/graphics/trig.sty
Package: trig 2016/01/03 v1.10 sin cos tan (DPC)
)
(/usr/local/texlive/2016/texmf-dist/tex/latex/graphics-cfg/graphics.cfg
File: graphics.cfg 2016/01/02 v1.10 sample graphics configuration
)
Package graphics Info: Driver file: pdftex.def on input line 96.

(/usr/local/texlive/2016/texmf-dist/tex/latex/pdftex-def/pdftex.def
File: pdftex.def 2011/05/27 v0.06d Graphics/color for pdfTeX

(/usr/local/texlive/2016/texmf-dist/tex/generic/oberdiek/infwarerr.sty
Package: infwarerr 2016/05/16 v1.4 Providing info/warning/error messages (HO)
)
(/usr/local/texlive/2016/texmf-dist/tex/generic/oberdiek/ltxcmds.sty
Package: ltxcmds 2016/05/16 v1.23 LaTeX kernel commands for general use (HO)
)
\Gread@gobject=\count99
))
\Gin@req@height=\dimen114
\Gin@req@width=\dimen115
)
\c@temp=\count100
\c@prob_counter=\count101
\c@sprob_counter=\count102

(./ps3.aux)
\openout1 = `ps3.aux'.

LaTeX Font Info:    Checking defaults for OML/cmm/m/it on input line 46.
LaTeX Font Info:    ... okay on input line 46.
LaTeX Font Info:    Checking defaults for T1/cmr/m/n on input line 46.
LaTeX Font Info:    ... okay on input line 46.
LaTeX Font Info:    Checking defaults for OT1/cmr/m/n on input line 46.
LaTeX Font Info:    ... okay on input line 46.
LaTeX Font Info:    Checking defaults for OMS/cmsy/m/n on input line 46.
LaTeX Font Info:    ... okay on input line 46.
LaTeX Font Info:    Checking defaults for OMX/cmex/m/n on input line 46.
LaTeX Font Info:    ... okay on input line 46.
LaTeX Font Info:    Checking defaults for U/cmr/m/n on input line 46.
LaTeX Font Info:    ... okay on input line 46.
LaTeX Font Info:    Try loading font information for U+msa on input line 46.
 (/usr/local/texlive/2016/texmf-dist/tex/latex/amsfonts/umsa.fd
File: umsa.fd 2013/01/14 v3.01 AMS symbols A
)
LaTeX Font Info:    Try loading font information for U+msb on input line 46.

(/usr/local/texlive/2016/texmf-dist/tex/latex/amsfonts/umsb.fd
File: umsb.fd 2013/01/14 v3.01 AMS symbols B
)
(/usr/local/texlive/2016/texmf-dist/tex/context/base/mkii/supp-pdf.mkii
[Loading MPS to PDF converter (version 2006.09.02).]
\scratchcounter=\count103
\scratchdimen=\dimen116
\scratchbox=\box29
\nofMPsegments=\count104
\nofMParguments=\count105
\everyMPshowfont=\toks26
\MPscratchCnt=\count106
\MPscratchDim=\dimen117
\MPnumerator=\count107
\makeMPintoPDFobject=\count108
\everyMPtoPDFconversion=\toks27
) (/usr/local/texlive/2016/texmf-dist/tex/generic/oberdiek/pdftexcmds.sty
Package: pdftexcmds 2016/05/10 v0.21 Utility functions of pdfTeX for LuaTeX (HO
)

(/usr/local/texlive/2016/texmf-dist/tex/generic/oberdiek/ifluatex.sty
Package: ifluatex 2016/05/16 v1.4 Provides the ifluatex switch (HO)
Package ifluatex Info: LuaTeX not detected.
)
(/usr/local/texlive/2016/texmf-dist/tex/generic/oberdiek/ifpdf.sty
Package: ifpdf 2016/05/14 v3.1 Provides the ifpdf switch
)
Package pdftexcmds Info: LuaTeX not detected.
Package pdftexcmds Info: \pdf@primitive is available.
Package pdftexcmds Info: \pdf@ifprimitive is available.
Package pdftexcmds Info: \pdfdraftmode found.
)
(/usr/local/texlive/2016/texmf-dist/tex/latex/oberdiek/epstopdf-base.sty
Package: epstopdf-base 2016/05/15 v2.6 Base part for package epstopdf

(/usr/local/texlive/2016/texmf-dist/tex/latex/oberdiek/grfext.sty
Package: grfext 2016/05/16 v1.2 Manage graphics extensions (HO)

(/usr/local/texlive/2016/texmf-dist/tex/generic/oberdiek/kvdefinekeys.sty
Package: kvdefinekeys 2016/05/16 v1.4 Define keys (HO)
))
(/usr/local/texlive/2016/texmf-dist/tex/latex/oberdiek/kvoptions.sty
Package: kvoptions 2016/05/16 v3.12 Key value format for package options (HO)

(/usr/local/texlive/2016/texmf-dist/tex/generic/oberdiek/kvsetkeys.sty
Package: kvsetkeys 2016/05/16 v1.17 Key value parser (HO)

(/usr/local/texlive/2016/texmf-dist/tex/generic/oberdiek/etexcmds.sty
Package: etexcmds 2016/05/16 v1.6 Avoid name clashes with e-TeX commands (HO)
Package etexcmds Info: Could not find \expanded.
(etexcmds)             That can mean that you are not using pdfTeX 1.50 or
(etexcmds)             that some package has redefined \expanded.
(etexcmds)             In the latter case, load this package earlier.
)))
Package grfext Info: Graphics extension search list:
(grfext)             [.png,.pdf,.jpg,.mps,.jpeg,.jbig2,.jb2,.PNG,.PDF,.JPG,.JPE
G,.JBIG2,.JB2,.eps]
(grfext)             \AppendGraphicsExtensions on input line 456.

(/usr/local/texlive/2016/texmf-dist/tex/latex/latexconfig/epstopdf-sys.cfg
File: epstopdf-sys.cfg 2010/07/13 v1.3 Configuration of (r)epstopdf for TeX Liv
e
))
Overfull \hbox (29.35826pt too wide) in paragraph at lines 51--54
\OT1/cmr/m/sc/10 Sebastian Plenz (\OT1/cmtt/m/n/10 sebastianp16@ru.is\OT1/cmr/m
/sc/10 ) and Axel Ste-in-grims-son (\OT1/cmtt/m/n/10 axels16@ru.is\OT1/cmr/m/sc
/10 )
 []


Underfull \hbox (badness 10000) in paragraph at lines 51--54

 []

LaTeX Font Info:    Try loading font information for OMS+cmtt on input line 61.

LaTeX Font Info:    No file OMScmtt.fd. on input line 61.

LaTeX Font Warning: Font shape `OMS/cmtt/m/n' undefined
(Font)              using `OMS/cmsy/m/n' instead
(Font)              for symbol `textbackslash' on input line 61.

<A1.jpg, id=1, 421.575pt x 240.9pt>
File: A1.jpg Graphic file (type jpg)
 <use A1.jpg>
Package pdftex.def Info: A1.jpg used on input line 77.
(pdftex.def)             Requested size: 421.57396pt x 240.8994pt.

Overfull \hbox (61.57396pt too wide) in paragraph at lines 74--79
[]
 []

[1{/usr/local/texlive/2016/texmf-var/fonts/map/pdftex/updmap/pdftex.map} <./A1.
jpg>] <A5.jpg, id=16, 301.125pt x 180.675pt>
File: A5.jpg Graphic file (type jpg)
 <use A5.jpg>
Package pdftex.def Info: A5.jpg used on input line 138.
(pdftex.def)             Requested size: 301.12425pt x 180.67455pt.

Underfull \vbox (badness 10000) has occurred while \output is active []

 [2]
<ff.pdf, id=24, 347.2975pt x 196.735pt>
File: ff.pdf Graphic file (type pdf)
 <use ff.pdf>
Package pdftex.def Info: ff.pdf used on input line 148.
(pdftex.def)             Requested size: 226.02156pt x 128.0374pt.

<A6_1.jpg, id=25, 451.6875pt x 265.99374pt>
File: A6_1.jpg Graphic file (type jpg)
 <use A6_1.jpg>
Package pdftex.def Info: A6_1.jpg used on input line 154.
(pdftex.def)             Requested size: 451.68639pt x 265.99309pt.

<A6_2.jpg, id=26, 451.6875pt x 245.91875pt>
File: A6_2.jpg Graphic file (type jpg)
 <use A6_2.jpg>
Package pdftex.def Info: A6_2.jpg used on input line 155.
(pdftex.def)             Requested size: 451.68639pt x 245.91814pt.

<A6_3.jpg, id=27, 451.6875pt x 245.91875pt>
File: A6_3.jpg Graphic file (type jpg)
 <use A6_3.jpg>
Package pdftex.def Info: A6_3.jpg used on input line 156.
(pdftex.def)             Requested size: 451.68639pt x 245.91814pt.

<A6_4.jpg, id=28, 451.6875pt x 245.91875pt>
File: A6_4.jpg Graphic file (type jpg)
 <use A6_4.jpg>
Package pdftex.def Info: A6_4.jpg used on input line 157.
(pdftex.def)             Requested size: 451.68639pt x 245.91814pt.

<A6_5.jpg, id=29, 451.6875pt x 245.91875pt>
File: A6_5.jpg Graphic file (type jpg)
 <use A6_5.jpg>
Package pdftex.def Info: A6_5.jpg used on input line 158.
(pdftex.def)             Requested size: 451.68639pt x 245.91814pt.

Overfull \hbox (91.68639pt too wide) in paragraph at lines 152--161
[] 
 []


Overfull \hbox (91.68639pt too wide) in paragraph at lines 152--161
[] 
 []


Overfull \hbox (91.68639pt too wide) in paragraph at lines 152--161
[] 
 []


Overfull \hbox (91.68639pt too wide) in paragraph at lines 152--161
[] 
 []


Overfull \hbox (91.68639pt too wide) in paragraph at lines 152--161
[] 
 []


Underfull \vbox (badness 10000) has occurred while \output is active []

 [3 <./A5.jpg> <./ff.pdf>]
Underfull \vbox (badness 10000) has occurred while \output is active []

 [4 <./A6_1.jpg> <./A6_2.jpg>]
Underfull \vbox (badness 10000) has occurred while \output is active []

 [5 <./A6_3.jpg> <./A6_4.jpg>] <A8.jpg, id=40, 316.18124pt x 271.0125pt>
File: A8.jpg Graphic file (type jpg)
 <use A8.jpg>
Package pdftex.def Info: A8.jpg used on input line 184.
(pdftex.def)             Requested size: 316.18047pt x 271.01183pt.

Underfull \vbox (badness 10000) has occurred while \output is active []

 [6 <./A6_5.jpg>] [7 <./A8.jpg>]
Underfull \hbox (badness 10000) in paragraph at lines 222--249

 []


Underfull \hbox (badness 10000) in paragraph at lines 222--249

 []

<A12_1.jpg, id=48, 355.3275pt x 264.99pt>
File: A12_1.jpg Graphic file (type jpg)
 <use A12_1.jpg>
Package pdftex.def Info: A12_1.jpg used on input line 261.
(pdftex.def)             Requested size: 355.32661pt x 264.98935pt.

<A12_2.jpg, id=49, 380.42125pt x 364.36125pt>
File: A12_2.jpg Graphic file (type jpg)
 <use A12_2.jpg>
Package pdftex.def Info: A12_2.jpg used on input line 262.
(pdftex.def)             Requested size: 380.4203pt x 364.36035pt.

<A12_3.jpg, id=50, 457.71pt x 325.215pt>
File: A12_3.jpg Graphic file (type jpg)
 <use A12_3.jpg>
Package pdftex.def Info: A12_3.jpg used on input line 263.
(pdftex.def)             Requested size: 457.7089pt x 325.2142pt.

Overfull \hbox (20.4203pt too wide) in paragraph at lines 258--265
[] 
 []


Overfull \hbox (97.7089pt too wide) in paragraph at lines 258--265
[] 
 []

[8]
Underfull \vbox (badness 10000) has occurred while \output is active []

 [9 <./A12_1.jpg>]
Underfull \vbox (badness 10000) has occurred while \output is active []

 [10 <./A12_2.jpg>] [11 <./A12_3.jpg>] <A15.jpg, id=64, 313.17pt x 147.55125pt>
File: A15.jpg Graphic file (type jpg)

<use A15.jpg>
Package pdftex.def Info: A15.jpg used on input line 311.
(pdftex.def)             Requested size: 313.16922pt x 147.55087pt.
 [12 <./A15.jpg>]
Missing character: There is no â in font cmr10!
Missing character: There is no • in font cmr10!
Missing character: There is no   in font cmr10!
 <A17_1.jpg, id=68, 328.22626pt x 274.02374pt>
File: A17_1.jpg Graphic file (type jpg)

<use A17_1.jpg>
Package pdftex.def Info: A17_1.jpg used on input line 336.
(pdftex.def)             Requested size: 328.22545pt x 274.02307pt.
 <A17_2.jpg, id=69, 382.42876pt x 328.22626pt>
File: A17_2.jpg Graphic file (type jpg)
 <use A17_2.jpg>
Package pdftex.def Info: A17_2.jpg used on input line 338.
(pdftex.def)             Requested size: 382.42781pt x 328.22545pt.

Overfull \hbox (22.42781pt too wide) in paragraph at lines 333--348
[] 
 []

[13 <./A17_1.jpg>] [14 <./A17_2.jpg>] (./ps3.aux)

LaTeX Font Warning: Some font shapes were not available, defaults substituted.

 ) 
Here is how much of TeX's memory you used:
 2962 strings out of 493014
 37690 string characters out of 6133351
 101349 words of memory out of 5000000
 6294 multiletter control sequences out of 15000+600000
 12691 words of font info for 49 fonts, out of 8000000 for 9000
 1302 hyphenation exceptions out of 8191
 37i,5n,31p,871b,245s stack positions out of 5000i,500n,10000p,200000b,80000s
</usr/local/texlive/2016/texmf-dist/fonts/type1/public/amsfonts/cm/cmbx10.pfb
></usr/local/texlive/2016/texmf-dist/fonts/type1/public/amsfonts/cm/cmcsc10.pfb
></usr/local/texlive/2016/texmf-dist/fonts/type1/public/amsfonts/cm/cmex10.pfb>
</usr/local/texlive/2016/texmf-dist/fonts/type1/public/amsfonts/cm/cmmi10.pfb><
/usr/local/texlive/2016/texmf-dist/fonts/type1/public/amsfonts/cm/cmmi8.pfb></u
sr/local/texlive/2016/texmf-dist/fonts/type1/public/amsfonts/cm/cmr10.pfb></usr
/local/texlive/2016/texmf-dist/fonts/type1/public/amsfonts/cm/cmr8.pfb></usr/lo
cal/texlive/2016/texmf-dist/fonts/type1/public/amsfonts/cm/cmsy10.pfb></usr/loc
al/texlive/2016/texmf-dist/fonts/type1/public/amsfonts/cm/cmsy6.pfb></usr/local
/texlive/2016/texmf-dist/fonts/type1/public/amsfonts/cm/cmsy8.pfb></usr/local/t
exlive/2016/texmf-dist/fonts/type1/public/amsfonts/cm/cmti10.pfb></usr/local/te
xlive/2016/texmf-dist/fonts/type1/public/amsfonts/cm/cmtt10.pfb></usr/local/tex
live/2016/texmf-dist/fonts/type1/public/amsfonts/symbols/msam10.pfb></usr/local
/texlive/2016/texmf-dist/fonts/type1/public/amsfonts/symbols/msbm10.pfb>
Output written on ps3.pdf (14 pages, 371395 bytes).
PDF statistics:
 122 PDF objects out of 1000 (max. 8388607)
 76 compressed objects within 1 object stream
 0 named destinations out of 1000 (max. 500000)
 76 words of extra memory for PDF output out of 10000 (max. 10000000)

